<?xml version="1.0" encoding="UTF-8"?>
<!-- Generated by org.testng.reporters.JUnitReportReporter -->
<testsuite skipped="0" hostname="LAPTOP-3F8AKDPU" name="com.test.MavenTestCases" tests="1" failures="0" timestamp="10 Feb 2020 08:05:45 GMT" time="0.028" errors="0">
  <testcase name="method1" time="0.028" classname="com.test.MavenTestCases"/>
</testsuite> <!-- com.test.MavenTestCases -->
