<?xml version="1.0" encoding="UTF-8"?>
<!-- Generated by org.testng.reporters.JUnitReportReporter -->
<testsuite skipped="0" hostname="LAPTOP-3F8AKDPU" name="com.test.OneTest" tests="1" failures="0" timestamp="10 Feb 2020 08:05:45 GMT" time="0.008" errors="0">
  <testcase name="method2" time="0.008" classname="com.test.OneTest"/>
</testsuite> <!-- com.test.OneTest -->
